<?xml version="1.0" encoding="UTF-8"?>
<!-- Generated by org.testng.reporters.JUnitReportReporter -->
<testsuite hostname="IN-PG03525F" failures="0" tests="1" name="tests.TravelTest" time="27.480" errors="0" timestamp="2024-06-17T22:19:45 IST" skipped="0">
  <testcase classname="tests.TravelTest" name="travel" time="27.480"/>
</testsuite> <!-- tests.TravelTest -->
