<?xml version="1.0" encoding="UTF-8"?>
<!-- Generated by org.testng.reporters.JUnitReportReporter -->
<testsuite hostname="IN-PG03525F" failures="0" tests="1" name="tests.CustomerServiceTest" time="14.513" errors="0" timestamp="2024-06-17T22:11:27 IST" skipped="0">
  <testcase classname="tests.CustomerServiceTest" name="contact" time="14.513"/>
</testsuite> <!-- tests.CustomerServiceTest -->
