<?xml version="1.0" encoding="UTF-8"?>
<!-- Generated by org.testng.reporters.JUnitReportReporter -->
<testsuite hostname="IN-PG03525F" failures="0" tests="1" name="tests.TermsOfUse" time="6.936" errors="0" timestamp="2024-06-17T20:49:00 IST" skipped="0">
  <testcase classname="tests.TermsOfUse" name="TernsOfUse" time="6.936"/>
</testsuite> <!-- tests.TermsOfUse -->
