<?xml version="1.0" encoding="UTF-8"?>
<!-- Generated by org.testng.reporters.JUnitReportReporter -->
<testsuite hostname="IN-PG03525F" failures="0" tests="1" name="tests.GiftCardTest" time="15.915" errors="0" timestamp="2024-06-17T22:14:04 IST" skipped="0">
  <testcase classname="tests.GiftCardTest" name="giftcard" time="15.915"/>
</testsuite> <!-- tests.GiftCardTest -->
