<?xml version="1.0" encoding="UTF-8"?>
<!-- Generated by org.testng.reporters.JUnitReportReporter -->
<testsuite hostname="IN-PG03525F" failures="0" tests="1" name="tests.AboutTest" time="14.580" errors="0" timestamp="2024-06-17T22:10:15 IST" skipped="0">
  <testcase classname="tests.AboutTest" name="About" time="14.580"/>
</testsuite> <!-- tests.AboutTest -->
