<?xml version="1.0" encoding="UTF-8"?>
<!-- Generated by org.testng.reporters.JUnitReportReporter -->
<testsuite hostname="IN-PG03525F" failures="0" tests="1" name="tests.BecomeASellerTest" time="19.156" errors="0" timestamp="2024-06-17T22:09:21 IST" skipped="0">
  <testcase classname="tests.BecomeASellerTest" name="seller" time="19.156"/>
</testsuite> <!-- tests.BecomeASellerTest -->
