<?xml version="1.0" encoding="UTF-8"?>
<!-- Generated by org.testng.reporters.JUnitReportReporter -->
<testsuite hostname="IN-PG03525F" failures="0" tests="1" name="tests.GroceryTest" time="15.370" errors="0" timestamp="2024-06-17T22:14:44 IST" skipped="0">
  <testcase classname="tests.GroceryTest" name="grocery" time="15.370"/>
</testsuite> <!-- tests.GroceryTest -->
