<?xml version="1.0" encoding="UTF-8"?>
<!-- Generated by org.testng.reporters.JUnitReportReporter -->
<testsuite hostname="IN-PG03525F" failures="0" tests="1" name="tests.SearchTest" time="33.592" errors="0" timestamp="2024-06-17T20:52:18 IST" skipped="0">
  <testcase classname="tests.SearchTest" name="Search" time="33.592"/>
</testsuite> <!-- tests.SearchTest -->
