<?xml version="1.0" encoding="UTF-8"?>
<!-- Generated by org.testng.reporters.JUnitReportReporter -->
<testsuite hostname="IN-PG03525F" failures="0" tests="1" name="tests.SaveForLaterTest" time="23.427" errors="0" timestamp="2024-06-17T23:09:00 IST" skipped="0">
  <testcase classname="tests.SaveForLaterTest" name="SaveCart" time="23.427"/>
</testsuite> <!-- tests.SaveForLaterTest -->
