<?xml version="1.0" encoding="UTF-8"?>
<!-- Generated by org.testng.reporters.JUnitReportReporter -->
<testsuite hostname="IN-PG03525F" failures="0" tests="1" name="tests.CartTest" time="238.070" errors="0" timestamp="2024-06-17T23:08:57 IST" skipped="0">
  <testcase classname="tests.CartTest" name="AddToCart" time="238.070"/>
</testsuite> <!-- tests.CartTest -->
