<?xml version="1.0" encoding="UTF-8"?>
<!-- Generated by org.testng.reporters.JUnitReportReporter -->
<testsuite hostname="IN-PG03525F" failures="0" tests="1" name="tests.FlipkartStoriesTest" time="30.184" errors="0" timestamp="2024-06-17T23:09:00 IST" skipped="0">
  <testcase classname="tests.FlipkartStoriesTest" name="stories" time="30.184"/>
</testsuite> <!-- tests.FlipkartStoriesTest -->
